<?xml version="1.0" encoding="UTF-8" standalone="yes"?>
<testsuites name="Test Suite Chrome" time="24" tests="2" failures="0" errors="0">
    <testsuite name="Test Suite Chrome" tests="2" failures="0" errors="0" time="24" timestamp="2020-05-07 22:16:38" hostname="admin - CR-LAP-LUI-SAN.grupobabel.com" id="Test Suites/Test Suite Chrome">
        <properties>
            <property name="deviceName" value=""/>
            <property name="devicePlatform" value=""/>
            <property name="logFolder" value="C:\\Users\\admin\\Google Drive\\Quality Assurance\\Automation Testing\\Katalon Studio\\Projects\\FirstExample\\Reports\\Test Suite Chrome\\20200507_221631"/>
            <property name="logFiles" value="C:\\Users\\admin\\Google Drive\\Quality Assurance\\Automation Testing\\Katalon Studio\\Projects\\FirstExample\\Reports\\Test Suite Chrome\\20200507_221631\\execution0.log"/>
            <property name="attachments" value="C:\\Users\\admin\\Downloads\\KatalonProjectScreenshots\\5_OrderDetailPage.png"/>
            <property name="hostName" value="admin - CR-LAP-LUI-SAN.grupobabel.com"/>
            <property name="os" value="Windows 10 64bit"/>
            <property name="katalonVersion" value="6.2.2.4"/>
            <property name="browser" value="Chrome 81.0.4044.129"/>
            <property name="hostAddress" value="192.168.56.1"/>
            <property name="sessionId" value="7666b4fac69e3abbc36bcae353498f27"/>
            <property name="seleniumVersion" value="3.141.59"/>
            <property name="proxyInformation" value="ProxyInformation{proxyOption=NO_PROXY, proxyServerType=HTTP, password=, proxyServerAddress=, proxyServerPort=0}"/>
            <property name="platform" value="Windows 10"/>
        </properties>
        <testcase name="Test Cases/LoginAndSelectProducts" classname="Test Cases/LoginAndSelectProducts" status="PASSED">
            <system-out>2020-05-07 22:16:38 - [TEST_CASE][PASSED] - Test Cases/LoginAndSelectProducts: Test Cases/LoginAndSelectProducts&#xD;
&#xD;
2020-05-07 22:16:38 - [TEST_STEP][PASSED] - Start listener action : onTestCaseStart: null&#xD;
&#xD;
2020-05-07 22:16:38 - [TEST_STEP][PASSED] - println("
..... I am inside onTestCaseStart function"): null&#xD;
&#xD;
2020-05-07 22:16:38 - [TEST_STEP][PASSED] - openBrowser("http://training.openspan.com/login"): Browser is opened with url: 'http://training.openspan.com/login'&#xD;
&#xD;
2020-05-07 22:16:38 - [MESSAGE][INFO] - Starting 'Chrome' driver&#xD;
&#xD;
2020-05-07 22:16:39 - [MESSAGE][INFO] - Action delay is set to 0 seconds&#xD;
&#xD;
2020-05-07 22:16:44 - [MESSAGE][PASSED] - Browser is opened with url: 'http://training.openspan.com/login'&#xD;
&#xD;
2020-05-07 22:16:44 - [TEST_STEP][PASSED] - entidad.OpcionComun.objetoPresente(findTestObject("Object Repository/Present Objects/1_TextoLogin")): entidad.OpcionComun.objetoPresente is PASSED&#xD;
&#xD;
2020-05-07 22:16:44 - [MESSAGE][PASSED] - Object 'Object Repository/Present Objects/1_TextoLogin' is present&#xD;
&#xD;
2020-05-07 22:16:44 - [MESSAGE][INFO] - La p치gina a la que se ha accedido es correcta&#xD;
&#xD;
2020-05-07 22:16:44 - [MESSAGE][PASSED] - entidad.OpcionComun.objetoPresente is PASSED&#xD;
&#xD;
2020-05-07 22:16:44 - [TEST_STEP][PASSED] - entidad.OpcionComun.escribirTexto(findTestObject("Object Repository/SignIn Page/Username"), findTestData("Test Data").getValue(1, 1)): entidad.OpcionComun.escribirTexto is PASSED&#xD;
&#xD;
2020-05-07 22:16:45 - [MESSAGE][PASSED] - Object 'Object Repository/SignIn Page/Username' is present&#xD;
&#xD;
2020-05-07 22:16:45 - [MESSAGE][PASSED] - Text 'luisca1606' is set on object 'Object Repository/SignIn Page/Username'&#xD;
&#xD;
2020-05-07 22:16:45 - [MESSAGE][PASSED] - entidad.OpcionComun.escribirTexto is PASSED&#xD;
&#xD;
2020-05-07 22:16:45 - [TEST_STEP][PASSED] - entidad.OpcionComun.escribirTextoEncriptado(findTestObject("Object Repository/SignIn Page/Password"), findTestData("Test Data").getValue(2, 1)): entidad.OpcionComun.escribirTextoEncriptado is PASSED&#xD;
&#xD;
2020-05-07 22:16:45 - [MESSAGE][PASSED] - Object 'Object Repository/SignIn Page/Password' is present&#xD;
&#xD;
2020-05-07 22:16:45 - [MESSAGE][PASSED] - Text ****** has been set on object 'Object Repository/SignIn Page/Password'&#xD;
&#xD;
2020-05-07 22:16:45 - [MESSAGE][PASSED] - entidad.OpcionComun.escribirTextoEncriptado is PASSED&#xD;
&#xD;
2020-05-07 22:16:45 - [TEST_STEP][PASSED] - entidad.OpcionComun.darClick(findTestObject("Object Repository/SignIn Page/SigninBtn")): entidad.OpcionComun.darClick is PASSED&#xD;
&#xD;
2020-05-07 22:16:45 - [MESSAGE][PASSED] - Object 'Object Repository/SignIn Page/SigninBtn' is present&#xD;
&#xD;
2020-05-07 22:16:46 - [MESSAGE][PASSED] - Object: 'Object Repository/SignIn Page/SigninBtn' is clicked on&#xD;
&#xD;
2020-05-07 22:16:46 - [MESSAGE][PASSED] - entidad.OpcionComun.darClick is PASSED&#xD;
&#xD;
2020-05-07 22:16:46 - [TEST_STEP][PASSED] - entidad.OpcionComun.objetoPresente(findTestObject("Object Repository/Present Objects/2_TextoSeleccionarProductos")): entidad.OpcionComun.objetoPresente is PASSED&#xD;
&#xD;
2020-05-07 22:16:46 - [MESSAGE][PASSED] - Object 'Object Repository/Present Objects/2_TextoSeleccionarProductos' is present&#xD;
&#xD;
2020-05-07 22:16:46 - [MESSAGE][INFO] - La p치gina a la que se ha accedido es correcta&#xD;
&#xD;
2020-05-07 22:16:46 - [MESSAGE][PASSED] - entidad.OpcionComun.objetoPresente is PASSED&#xD;
&#xD;
2020-05-07 22:16:46 - [TEST_STEP][PASSED] - entidad.OpcionComun.darClick(findTestObject("Object Repository/Select Items Page/ProductType")): entidad.OpcionComun.darClick is PASSED&#xD;
&#xD;
2020-05-07 22:16:46 - [MESSAGE][PASSED] - Object 'Object Repository/Select Items Page/ProductType' is present&#xD;
&#xD;
2020-05-07 22:16:46 - [MESSAGE][PASSED] - Object: 'Object Repository/Select Items Page/ProductType' is clicked on&#xD;
&#xD;
2020-05-07 22:16:46 - [MESSAGE][PASSED] - entidad.OpcionComun.darClick is PASSED&#xD;
&#xD;
2020-05-07 22:16:46 - [TEST_STEP][PASSED] - selectOptionByLabel(findTestObject("Object Repository/Select Items Page/ProductType"), findTestData("Test Data").getValue(3, 1), false): All options with label 'Beverages' are selected in object 'Object Repository/Select Items Page/ProductType' &#xD;
&#xD;
2020-05-07 22:16:46 - [MESSAGE][PASSED] - All options with label 'Beverages' are selected in object 'Object Repository/Select Items Page/ProductType' &#xD;
&#xD;
2020-05-07 22:16:46 - [TEST_STEP][PASSED] - entidad.OpcionComun.darClick(findTestObject("Object Repository/Select Items Page/ProductsList")): entidad.OpcionComun.darClick is PASSED&#xD;
&#xD;
2020-05-07 22:16:46 - [MESSAGE][PASSED] - Object 'Object Repository/Select Items Page/ProductsList' is present&#xD;
&#xD;
2020-05-07 22:16:46 - [MESSAGE][PASSED] - Object: 'Object Repository/Select Items Page/ProductsList' is clicked on&#xD;
&#xD;
2020-05-07 22:16:46 - [MESSAGE][PASSED] - entidad.OpcionComun.darClick is PASSED&#xD;
&#xD;
2020-05-07 22:16:46 - [TEST_STEP][PASSED] - selectOptionByLabel(findTestObject("Object Repository/Select Items Page/ProductsList"), findTestData("Test Data").getValue(4, 1), false): All options with label 'Ipoh Coffee' are selected in object 'Object Repository/Select Items Page/ProductsList' &#xD;
&#xD;
2020-05-07 22:16:47 - [MESSAGE][PASSED] - All options with label 'Ipoh Coffee' are selected in object 'Object Repository/Select Items Page/ProductsList' &#xD;
&#xD;
2020-05-07 22:16:47 - [TEST_STEP][PASSED] - entidad.OpcionComun.darClick(findTestObject("Object Repository/Select Items Page/BtnViewDetails")): entidad.OpcionComun.darClick is PASSED&#xD;
&#xD;
2020-05-07 22:16:47 - [MESSAGE][PASSED] - Object 'Object Repository/Select Items Page/BtnViewDetails' is present&#xD;
&#xD;
2020-05-07 22:16:47 - [MESSAGE][PASSED] - Object: 'Object Repository/Select Items Page/BtnViewDetails' is clicked on&#xD;
&#xD;
2020-05-07 22:16:47 - [MESSAGE][PASSED] - entidad.OpcionComun.darClick is PASSED&#xD;
&#xD;
2020-05-07 22:16:47 - [TEST_STEP][PASSED] - entidad.OpcionComun.objetoPresente(findTestObject("Object Repository/Present Objects/3_BotonOrder")): entidad.OpcionComun.objetoPresente is PASSED&#xD;
&#xD;
2020-05-07 22:16:47 - [MESSAGE][PASSED] - Object 'Object Repository/Present Objects/3_BotonOrder' is present&#xD;
&#xD;
2020-05-07 22:16:47 - [MESSAGE][INFO] - La p치gina a la que se ha accedido es correcta&#xD;
&#xD;
2020-05-07 22:16:47 - [MESSAGE][PASSED] - entidad.OpcionComun.objetoPresente is PASSED&#xD;
&#xD;
2020-05-07 22:16:47 - [TEST_STEP][PASSED] - entidad.OpcionComun.darClick(findTestObject("Object Repository/Select Items Page/BtnOrder")): entidad.OpcionComun.darClick is PASSED&#xD;
&#xD;
2020-05-07 22:16:47 - [MESSAGE][PASSED] - Object 'Object Repository/Select Items Page/BtnOrder' is present&#xD;
&#xD;
2020-05-07 22:16:48 - [MESSAGE][PASSED] - Object: 'Object Repository/Select Items Page/BtnOrder' is clicked on&#xD;
&#xD;
2020-05-07 22:16:48 - [MESSAGE][PASSED] - entidad.OpcionComun.darClick is PASSED&#xD;
&#xD;
2020-05-07 22:16:48 - [TEST_STEP][PASSED] - entidad.OpcionComun.objetoPresente(findTestObject("Object Repository/Present Objects/4_OrderProducts")): entidad.OpcionComun.objetoPresente is PASSED&#xD;
&#xD;
2020-05-07 22:16:48 - [MESSAGE][PASSED] - Object 'Object Repository/Present Objects/4_OrderProducts' is present&#xD;
&#xD;
2020-05-07 22:16:48 - [MESSAGE][INFO] - La p치gina a la que se ha accedido es correcta&#xD;
&#xD;
2020-05-07 22:16:48 - [MESSAGE][PASSED] - entidad.OpcionComun.objetoPresente is PASSED&#xD;
&#xD;
2020-05-07 22:16:48 - [TEST_STEP][PASSED] - entidad.OpcionComun.darClick(findTestObject("Object Repository/Select Items Page/HomeLink")): entidad.OpcionComun.darClick is PASSED&#xD;
&#xD;
2020-05-07 22:16:48 - [MESSAGE][PASSED] - Object 'Object Repository/Select Items Page/HomeLink' is present&#xD;
&#xD;
2020-05-07 22:16:48 - [MESSAGE][PASSED] - Object: 'Object Repository/Select Items Page/HomeLink' is clicked on&#xD;
&#xD;
2020-05-07 22:16:48 - [MESSAGE][PASSED] - entidad.OpcionComun.darClick is PASSED&#xD;
&#xD;
2020-05-07 22:16:48 - [TEST_STEP][PASSED] - entidad.OpcionComun.objetoPresente(findTestObject("Object Repository/Present Objects/2_TextoSeleccionarProductos")): entidad.OpcionComun.objetoPresente is PASSED&#xD;
&#xD;
2020-05-07 22:16:48 - [MESSAGE][PASSED] - Object 'Object Repository/Present Objects/2_TextoSeleccionarProductos' is present&#xD;
&#xD;
2020-05-07 22:16:48 - [MESSAGE][INFO] - La p치gina a la que se ha accedido es correcta&#xD;
&#xD;
2020-05-07 22:16:48 - [MESSAGE][PASSED] - entidad.OpcionComun.objetoPresente is PASSED&#xD;
&#xD;
2020-05-07 22:16:48 - [TEST_STEP][PASSED] - entidad.OpcionComun.darClick(findTestObject("Object Repository/Select Items Page/ProductType")): entidad.OpcionComun.darClick is PASSED&#xD;
&#xD;
2020-05-07 22:16:48 - [MESSAGE][PASSED] - Object 'Object Repository/Select Items Page/ProductType' is present&#xD;
&#xD;
2020-05-07 22:16:49 - [MESSAGE][PASSED] - Object: 'Object Repository/Select Items Page/ProductType' is clicked on&#xD;
&#xD;
2020-05-07 22:16:49 - [MESSAGE][PASSED] - entidad.OpcionComun.darClick is PASSED&#xD;
&#xD;
2020-05-07 22:16:49 - [TEST_STEP][PASSED] - selectOptionByLabel(findTestObject("Object Repository/Select Items Page/ProductType"), findTestData("Test Data").getValue(3, 1), false): All options with label 'Beverages' are selected in object 'Object Repository/Select Items Page/ProductType' &#xD;
&#xD;
2020-05-07 22:16:49 - [MESSAGE][PASSED] - All options with label 'Beverages' are selected in object 'Object Repository/Select Items Page/ProductType' &#xD;
&#xD;
2020-05-07 22:16:49 - [TEST_STEP][PASSED] - entidad.OpcionComun.darClick(findTestObject("Object Repository/Select Items Page/ProductsList")): entidad.OpcionComun.darClick is PASSED&#xD;
&#xD;
2020-05-07 22:16:49 - [MESSAGE][PASSED] - Object 'Object Repository/Select Items Page/ProductsList' is present&#xD;
&#xD;
2020-05-07 22:16:49 - [MESSAGE][PASSED] - Object: 'Object Repository/Select Items Page/ProductsList' is clicked on&#xD;
&#xD;
2020-05-07 22:16:49 - [MESSAGE][PASSED] - entidad.OpcionComun.darClick is PASSED&#xD;
&#xD;
2020-05-07 22:16:49 - [TEST_STEP][PASSED] - selectOptionByLabel(findTestObject("Object Repository/Select Items Page/ProductsList"), findTestData("Test Data").getValue(4, 2), false): All options with label 'Outback Lager' are selected in object 'Object Repository/Select Items Page/ProductsList' &#xD;
&#xD;
2020-05-07 22:16:49 - [MESSAGE][PASSED] - All options with label 'Outback Lager' are selected in object 'Object Repository/Select Items Page/ProductsList' &#xD;
&#xD;
2020-05-07 22:16:49 - [TEST_STEP][PASSED] - entidad.OpcionComun.darClick(findTestObject("Object Repository/Select Items Page/BtnViewDetails")): entidad.OpcionComun.darClick is PASSED&#xD;
&#xD;
2020-05-07 22:16:49 - [MESSAGE][PASSED] - Object 'Object Repository/Select Items Page/BtnViewDetails' is present&#xD;
&#xD;
2020-05-07 22:16:49 - [MESSAGE][PASSED] - Object: 'Object Repository/Select Items Page/BtnViewDetails' is clicked on&#xD;
&#xD;
2020-05-07 22:16:49 - [MESSAGE][PASSED] - entidad.OpcionComun.darClick is PASSED&#xD;
&#xD;
2020-05-07 22:16:49 - [TEST_STEP][PASSED] - entidad.OpcionComun.objetoPresente(findTestObject("Object Repository/Present Objects/3_BotonOrder")): entidad.OpcionComun.objetoPresente is PASSED&#xD;
&#xD;
2020-05-07 22:16:49 - [MESSAGE][PASSED] - Object 'Object Repository/Present Objects/3_BotonOrder' is present&#xD;
&#xD;
2020-05-07 22:16:49 - [MESSAGE][INFO] - La p치gina a la que se ha accedido es correcta&#xD;
&#xD;
2020-05-07 22:16:49 - [MESSAGE][PASSED] - entidad.OpcionComun.objetoPresente is PASSED&#xD;
&#xD;
2020-05-07 22:16:50 - [TEST_STEP][PASSED] - entidad.OpcionComun.darClick(findTestObject("Object Repository/Select Items Page/BtnOrder")): entidad.OpcionComun.darClick is PASSED&#xD;
&#xD;
2020-05-07 22:16:50 - [MESSAGE][PASSED] - Object 'Object Repository/Select Items Page/BtnOrder' is present&#xD;
&#xD;
2020-05-07 22:16:50 - [MESSAGE][PASSED] - Object: 'Object Repository/Select Items Page/BtnOrder' is clicked on&#xD;
&#xD;
2020-05-07 22:16:50 - [MESSAGE][PASSED] - entidad.OpcionComun.darClick is PASSED&#xD;
&#xD;
2020-05-07 22:16:50 - [TEST_STEP][PASSED] - entidad.OpcionComun.objetoPresente(findTestObject("Object Repository/Present Objects/4_OrderProducts")): entidad.OpcionComun.objetoPresente is PASSED&#xD;
&#xD;
2020-05-07 22:16:50 - [MESSAGE][PASSED] - Object 'Object Repository/Present Objects/4_OrderProducts' is present&#xD;
&#xD;
2020-05-07 22:16:50 - [MESSAGE][INFO] - La p치gina a la que se ha accedido es correcta&#xD;
&#xD;
2020-05-07 22:16:50 - [MESSAGE][PASSED] - entidad.OpcionComun.objetoPresente is PASSED&#xD;
&#xD;
2020-05-07 22:16:50 - [TEST_STEP][PASSED] - entidad.OpcionComun.darClick(findTestObject("Object Repository/Select Items Page/HomeLink")): entidad.OpcionComun.darClick is PASSED&#xD;
&#xD;
2020-05-07 22:16:50 - [MESSAGE][PASSED] - Object 'Object Repository/Select Items Page/HomeLink' is present&#xD;
&#xD;
2020-05-07 22:16:51 - [MESSAGE][PASSED] - Object: 'Object Repository/Select Items Page/HomeLink' is clicked on&#xD;
&#xD;
2020-05-07 22:16:51 - [MESSAGE][PASSED] - entidad.OpcionComun.darClick is PASSED&#xD;
&#xD;
2020-05-07 22:16:51 - [TEST_STEP][PASSED] - entidad.OpcionComun.objetoPresente(findTestObject("Object Repository/Present Objects/2_TextoSeleccionarProductos")): entidad.OpcionComun.objetoPresente is PASSED&#xD;
&#xD;
2020-05-07 22:16:51 - [MESSAGE][PASSED] - Object 'Object Repository/Present Objects/2_TextoSeleccionarProductos' is present&#xD;
&#xD;
2020-05-07 22:16:51 - [MESSAGE][INFO] - La p치gina a la que se ha accedido es correcta&#xD;
&#xD;
2020-05-07 22:16:51 - [MESSAGE][PASSED] - entidad.OpcionComun.objetoPresente is PASSED&#xD;
&#xD;
2020-05-07 22:16:51 - [TEST_STEP][PASSED] - entidad.OpcionComun.darClick(findTestObject("Object Repository/Select Items Page/ProductType")): entidad.OpcionComun.darClick is PASSED&#xD;
&#xD;
2020-05-07 22:16:51 - [MESSAGE][PASSED] - Object 'Object Repository/Select Items Page/ProductType' is present&#xD;
&#xD;
2020-05-07 22:16:51 - [MESSAGE][PASSED] - Object: 'Object Repository/Select Items Page/ProductType' is clicked on&#xD;
&#xD;
2020-05-07 22:16:51 - [MESSAGE][PASSED] - entidad.OpcionComun.darClick is PASSED&#xD;
&#xD;
2020-05-07 22:16:51 - [TEST_STEP][PASSED] - selectOptionByLabel(findTestObject("Object Repository/Select Items Page/ProductType"), findTestData("Test Data").getValue(3, 1), false): All options with label 'Beverages' are selected in object 'Object Repository/Select Items Page/ProductType' &#xD;
&#xD;
2020-05-07 22:16:51 - [MESSAGE][PASSED] - All options with label 'Beverages' are selected in object 'Object Repository/Select Items Page/ProductType' &#xD;
&#xD;
2020-05-07 22:16:51 - [TEST_STEP][PASSED] - entidad.OpcionComun.darClick(findTestObject("Object Repository/Select Items Page/ProductsList")): entidad.OpcionComun.darClick is PASSED&#xD;
&#xD;
2020-05-07 22:16:51 - [MESSAGE][PASSED] - Object 'Object Repository/Select Items Page/ProductsList' is present&#xD;
&#xD;
2020-05-07 22:16:51 - [MESSAGE][PASSED] - Object: 'Object Repository/Select Items Page/ProductsList' is clicked on&#xD;
&#xD;
2020-05-07 22:16:51 - [MESSAGE][PASSED] - entidad.OpcionComun.darClick is PASSED&#xD;
&#xD;
2020-05-07 22:16:51 - [TEST_STEP][PASSED] - selectOptionByLabel(findTestObject("Object Repository/Select Items Page/ProductsList"), findTestData("Test Data").getValue(4, 3), false): All options with label 'Chai' are selected in object 'Object Repository/Select Items Page/ProductsList' &#xD;
&#xD;
2020-05-07 22:16:51 - [MESSAGE][PASSED] - All options with label 'Chai' are selected in object 'Object Repository/Select Items Page/ProductsList' &#xD;
&#xD;
2020-05-07 22:16:51 - [TEST_STEP][PASSED] - entidad.OpcionComun.darClick(findTestObject("Object Repository/Select Items Page/BtnViewDetails")): entidad.OpcionComun.darClick is PASSED&#xD;
&#xD;
2020-05-07 22:16:51 - [MESSAGE][PASSED] - Object 'Object Repository/Select Items Page/BtnViewDetails' is present&#xD;
&#xD;
2020-05-07 22:16:52 - [MESSAGE][PASSED] - Object: 'Object Repository/Select Items Page/BtnViewDetails' is clicked on&#xD;
&#xD;
2020-05-07 22:16:52 - [MESSAGE][PASSED] - entidad.OpcionComun.darClick is PASSED&#xD;
&#xD;
2020-05-07 22:16:52 - [TEST_STEP][PASSED] - entidad.OpcionComun.objetoPresente(findTestObject("Object Repository/Present Objects/3_BotonOrder")): entidad.OpcionComun.objetoPresente is PASSED&#xD;
&#xD;
2020-05-07 22:16:52 - [MESSAGE][PASSED] - Object 'Object Repository/Present Objects/3_BotonOrder' is present&#xD;
&#xD;
2020-05-07 22:16:52 - [MESSAGE][INFO] - La p치gina a la que se ha accedido es correcta&#xD;
&#xD;
2020-05-07 22:16:52 - [MESSAGE][PASSED] - entidad.OpcionComun.objetoPresente is PASSED&#xD;
&#xD;
2020-05-07 22:16:52 - [TEST_STEP][PASSED] - entidad.OpcionComun.darClick(findTestObject("Object Repository/Select Items Page/BtnOrder")): entidad.OpcionComun.darClick is PASSED&#xD;
&#xD;
2020-05-07 22:16:52 - [MESSAGE][PASSED] - Object 'Object Repository/Select Items Page/BtnOrder' is present&#xD;
&#xD;
2020-05-07 22:16:52 - [MESSAGE][PASSED] - Object: 'Object Repository/Select Items Page/BtnOrder' is clicked on&#xD;
&#xD;
2020-05-07 22:16:52 - [MESSAGE][PASSED] - entidad.OpcionComun.darClick is PASSED&#xD;
&#xD;
2020-05-07 22:16:52 - [TEST_STEP][PASSED] - entidad.OpcionComun.objetoPresente(findTestObject("Object Repository/Present Objects/4_OrderProducts")): entidad.OpcionComun.objetoPresente is PASSED&#xD;
&#xD;
2020-05-07 22:16:52 - [MESSAGE][PASSED] - Object 'Object Repository/Present Objects/4_OrderProducts' is present&#xD;
&#xD;
2020-05-07 22:16:52 - [MESSAGE][INFO] - La p치gina a la que se ha accedido es correcta&#xD;
&#xD;
2020-05-07 22:16:52 - [MESSAGE][PASSED] - entidad.OpcionComun.objetoPresente is PASSED&#xD;
&#xD;
2020-05-07 22:16:52 - [TEST_STEP][PASSED] - entidad.OpcionComun.darClick(findTestObject("Object Repository/Select Items Page/HomeLink")): entidad.OpcionComun.darClick is PASSED&#xD;
&#xD;
2020-05-07 22:16:52 - [MESSAGE][PASSED] - Object 'Object Repository/Select Items Page/HomeLink' is present&#xD;
&#xD;
2020-05-07 22:16:53 - [MESSAGE][PASSED] - Object: 'Object Repository/Select Items Page/HomeLink' is clicked on&#xD;
&#xD;
2020-05-07 22:16:53 - [MESSAGE][PASSED] - entidad.OpcionComun.darClick is PASSED&#xD;
&#xD;
2020-05-07 22:16:53 - [TEST_STEP][PASSED] - entidad.OpcionComun.objetoPresente(findTestObject("Object Repository/Present Objects/2_TextoSeleccionarProductos")): entidad.OpcionComun.objetoPresente is PASSED&#xD;
&#xD;
2020-05-07 22:16:53 - [MESSAGE][PASSED] - Object 'Object Repository/Present Objects/2_TextoSeleccionarProductos' is present&#xD;
&#xD;
2020-05-07 22:16:53 - [MESSAGE][INFO] - La p치gina a la que se ha accedido es correcta&#xD;
&#xD;
2020-05-07 22:16:53 - [MESSAGE][PASSED] - entidad.OpcionComun.objetoPresente is PASSED&#xD;
&#xD;
2020-05-07 22:16:53 - [TEST_STEP][PASSED] - entidad.OpcionComun.darClick(findTestObject("Object Repository/Select Items Page/ProductType")): entidad.OpcionComun.darClick is PASSED&#xD;
&#xD;
2020-05-07 22:16:53 - [MESSAGE][PASSED] - Object 'Object Repository/Select Items Page/ProductType' is present&#xD;
&#xD;
2020-05-07 22:16:53 - [MESSAGE][PASSED] - Object: 'Object Repository/Select Items Page/ProductType' is clicked on&#xD;
&#xD;
2020-05-07 22:16:53 - [MESSAGE][PASSED] - entidad.OpcionComun.darClick is PASSED&#xD;
&#xD;
2020-05-07 22:16:53 - [TEST_STEP][PASSED] - selectOptionByLabel(findTestObject("Object Repository/Select Items Page/ProductType"), findTestData("Test Data").getValue(3, 2), false): All options with label 'Seasonings' are selected in object 'Object Repository/Select Items Page/ProductType' &#xD;
&#xD;
2020-05-07 22:16:53 - [MESSAGE][PASSED] - All options with label 'Seasonings' are selected in object 'Object Repository/Select Items Page/ProductType' &#xD;
&#xD;
2020-05-07 22:16:53 - [TEST_STEP][PASSED] - entidad.OpcionComun.darClick(findTestObject("Object Repository/Select Items Page/ProductsList")): entidad.OpcionComun.darClick is PASSED&#xD;
&#xD;
2020-05-07 22:16:53 - [MESSAGE][PASSED] - Object 'Object Repository/Select Items Page/ProductsList' is present&#xD;
&#xD;
2020-05-07 22:16:53 - [MESSAGE][PASSED] - Object: 'Object Repository/Select Items Page/ProductsList' is clicked on&#xD;
&#xD;
2020-05-07 22:16:53 - [MESSAGE][PASSED] - entidad.OpcionComun.darClick is PASSED&#xD;
&#xD;
2020-05-07 22:16:53 - [TEST_STEP][PASSED] - selectOptionByLabel(findTestObject("Object Repository/Select Items Page/ProductsList"), findTestData("Test Data").getValue(4, 4), false): All options with label 'Genen Shouyu' are selected in object 'Object Repository/Select Items Page/ProductsList' &#xD;
&#xD;
2020-05-07 22:16:53 - [MESSAGE][PASSED] - All options with label 'Genen Shouyu' are selected in object 'Object Repository/Select Items Page/ProductsList' &#xD;
&#xD;
2020-05-07 22:16:53 - [TEST_STEP][PASSED] - entidad.OpcionComun.darClick(findTestObject("Object Repository/Select Items Page/BtnViewDetails")): entidad.OpcionComun.darClick is PASSED&#xD;
&#xD;
2020-05-07 22:16:53 - [MESSAGE][PASSED] - Object 'Object Repository/Select Items Page/BtnViewDetails' is present&#xD;
&#xD;
2020-05-07 22:16:54 - [MESSAGE][PASSED] - Object: 'Object Repository/Select Items Page/BtnViewDetails' is clicked on&#xD;
&#xD;
2020-05-07 22:16:54 - [MESSAGE][PASSED] - entidad.OpcionComun.darClick is PASSED&#xD;
&#xD;
2020-05-07 22:16:54 - [TEST_STEP][PASSED] - entidad.OpcionComun.objetoPresente(findTestObject("Object Repository/Present Objects/3_BotonOrder")): entidad.OpcionComun.objetoPresente is PASSED&#xD;
&#xD;
2020-05-07 22:16:54 - [MESSAGE][PASSED] - Object 'Object Repository/Present Objects/3_BotonOrder' is present&#xD;
&#xD;
2020-05-07 22:16:54 - [MESSAGE][INFO] - La p치gina a la que se ha accedido es correcta&#xD;
&#xD;
2020-05-07 22:16:54 - [MESSAGE][PASSED] - entidad.OpcionComun.objetoPresente is PASSED&#xD;
&#xD;
2020-05-07 22:16:54 - [TEST_STEP][PASSED] - entidad.OpcionComun.darClick(findTestObject("Object Repository/Select Items Page/BtnOrder")): entidad.OpcionComun.darClick is PASSED&#xD;
&#xD;
2020-05-07 22:16:54 - [MESSAGE][PASSED] - Object 'Object Repository/Select Items Page/BtnOrder' is present&#xD;
&#xD;
2020-05-07 22:16:55 - [MESSAGE][PASSED] - Object: 'Object Repository/Select Items Page/BtnOrder' is clicked on&#xD;
&#xD;
2020-05-07 22:16:55 - [MESSAGE][PASSED] - entidad.OpcionComun.darClick is PASSED&#xD;
&#xD;
2020-05-07 22:16:55 - [TEST_STEP][PASSED] - entidad.OpcionComun.objetoPresente(findTestObject("Object Repository/Present Objects/4_OrderProducts")): entidad.OpcionComun.objetoPresente is PASSED&#xD;
&#xD;
2020-05-07 22:16:55 - [MESSAGE][PASSED] - Object 'Object Repository/Present Objects/4_OrderProducts' is present&#xD;
&#xD;
2020-05-07 22:16:55 - [MESSAGE][INFO] - La p치gina a la que se ha accedido es correcta&#xD;
&#xD;
2020-05-07 22:16:55 - [MESSAGE][PASSED] - entidad.OpcionComun.objetoPresente is PASSED&#xD;
&#xD;
2020-05-07 22:16:55 - [TEST_STEP][PASSED] - entidad.OpcionComun.darClick(findTestObject("Object Repository/Select Items Page/HomeLink")): entidad.OpcionComun.darClick is PASSED&#xD;
&#xD;
2020-05-07 22:16:55 - [MESSAGE][PASSED] - Object 'Object Repository/Select Items Page/HomeLink' is present&#xD;
&#xD;
2020-05-07 22:16:55 - [MESSAGE][PASSED] - Object: 'Object Repository/Select Items Page/HomeLink' is clicked on&#xD;
&#xD;
2020-05-07 22:16:55 - [MESSAGE][PASSED] - entidad.OpcionComun.darClick is PASSED&#xD;
&#xD;
2020-05-07 22:16:55 - [TEST_STEP][PASSED] - entidad.OpcionComun.objetoPresente(findTestObject("Object Repository/Present Objects/2_TextoSeleccionarProductos")): entidad.OpcionComun.objetoPresente is PASSED&#xD;
&#xD;
2020-05-07 22:16:55 - [MESSAGE][PASSED] - Object 'Object Repository/Present Objects/2_TextoSeleccionarProductos' is present&#xD;
&#xD;
2020-05-07 22:16:55 - [MESSAGE][INFO] - La p치gina a la que se ha accedido es correcta&#xD;
&#xD;
2020-05-07 22:16:55 - [MESSAGE][PASSED] - entidad.OpcionComun.objetoPresente is PASSED&#xD;
&#xD;
2020-05-07 22:16:55 - [TEST_STEP][PASSED] - entidad.OpcionComun.darClick(findTestObject("Object Repository/Select Items Page/ProductType")): entidad.OpcionComun.darClick is PASSED&#xD;
&#xD;
2020-05-07 22:16:55 - [MESSAGE][PASSED] - Object 'Object Repository/Select Items Page/ProductType' is present&#xD;
&#xD;
2020-05-07 22:16:55 - [MESSAGE][PASSED] - Object: 'Object Repository/Select Items Page/ProductType' is clicked on&#xD;
&#xD;
2020-05-07 22:16:55 - [MESSAGE][PASSED] - entidad.OpcionComun.darClick is PASSED&#xD;
&#xD;
2020-05-07 22:16:55 - [TEST_STEP][PASSED] - selectOptionByLabel(findTestObject("Object Repository/Select Items Page/ProductType"), findTestData("Test Data").getValue(3, 2), false): All options with label 'Seasonings' are selected in object 'Object Repository/Select Items Page/ProductType' &#xD;
&#xD;
2020-05-07 22:16:55 - [MESSAGE][PASSED] - All options with label 'Seasonings' are selected in object 'Object Repository/Select Items Page/ProductType' &#xD;
&#xD;
2020-05-07 22:16:55 - [TEST_STEP][PASSED] - entidad.OpcionComun.darClick(findTestObject("Object Repository/Select Items Page/ProductsList")): entidad.OpcionComun.darClick is PASSED&#xD;
&#xD;
2020-05-07 22:16:55 - [MESSAGE][PASSED] - Object 'Object Repository/Select Items Page/ProductsList' is present&#xD;
&#xD;
2020-05-07 22:16:55 - [MESSAGE][PASSED] - Object: 'Object Repository/Select Items Page/ProductsList' is clicked on&#xD;
&#xD;
2020-05-07 22:16:55 - [MESSAGE][PASSED] - entidad.OpcionComun.darClick is PASSED&#xD;
&#xD;
2020-05-07 22:16:55 - [TEST_STEP][PASSED] - entidad.OpcionComun.elegirElemento(findTestObject("Object Repository/Select Items Page/ProductsList"), findTestData("Test Data").getValue(4, 5), false): entidad.OpcionComun.elegirElemento is PASSED&#xD;
&#xD;
2020-05-07 22:16:55 - [MESSAGE][PASSED] - All options with label 'Gula Malacca' are selected in object 'Object Repository/Select Items Page/ProductsList' &#xD;
&#xD;
2020-05-07 22:16:55 - [MESSAGE][PASSED] - entidad.OpcionComun.elegirElemento is PASSED&#xD;
&#xD;
2020-05-07 22:16:55 - [TEST_STEP][PASSED] - entidad.OpcionComun.darClick(findTestObject("Object Repository/Select Items Page/BtnViewDetails")): entidad.OpcionComun.darClick is PASSED&#xD;
&#xD;
2020-05-07 22:16:55 - [MESSAGE][PASSED] - Object 'Object Repository/Select Items Page/BtnViewDetails' is present&#xD;
&#xD;
2020-05-07 22:16:56 - [MESSAGE][PASSED] - Object: 'Object Repository/Select Items Page/BtnViewDetails' is clicked on&#xD;
&#xD;
2020-05-07 22:16:56 - [MESSAGE][PASSED] - entidad.OpcionComun.darClick is PASSED&#xD;
&#xD;
2020-05-07 22:16:56 - [TEST_STEP][PASSED] - entidad.OpcionComun.objetoPresente(findTestObject("Object Repository/Present Objects/3_BotonOrder")): entidad.OpcionComun.objetoPresente is PASSED&#xD;
&#xD;
2020-05-07 22:16:56 - [MESSAGE][PASSED] - Object 'Object Repository/Present Objects/3_BotonOrder' is present&#xD;
&#xD;
2020-05-07 22:16:56 - [MESSAGE][INFO] - La p치gina a la que se ha accedido es correcta&#xD;
&#xD;
2020-05-07 22:16:56 - [MESSAGE][PASSED] - entidad.OpcionComun.objetoPresente is PASSED&#xD;
&#xD;
2020-05-07 22:16:56 - [TEST_STEP][PASSED] - entidad.OpcionComun.darClick(findTestObject("Object Repository/Select Items Page/BtnOrder")): entidad.OpcionComun.darClick is PASSED&#xD;
&#xD;
2020-05-07 22:16:56 - [MESSAGE][PASSED] - Object 'Object Repository/Select Items Page/BtnOrder' is present&#xD;
&#xD;
2020-05-07 22:16:57 - [MESSAGE][PASSED] - Object: 'Object Repository/Select Items Page/BtnOrder' is clicked on&#xD;
&#xD;
2020-05-07 22:16:57 - [MESSAGE][PASSED] - entidad.OpcionComun.darClick is PASSED&#xD;
&#xD;
2020-05-07 22:16:57 - [TEST_STEP][PASSED] - Start listener action : sampleAfterTestCase: null&#xD;
&#xD;
2020-05-07 22:16:57 - [TEST_STEP][PASSED] - println("
..... I am inside sampleAfterTestCase function"): null&#xD;
&#xD;
2020-05-07 22:16:57 - [TEST_STEP][PASSED] - Start listener action : sampleAfterTestCase: null</system-out>
            <system-err></system-err>
        </testcase>
        <testcase name="Test Cases/Purchase" classname="Test Cases/Purchase" status="PASSED">
            <system-out>2020-05-07 22:16:57 - [TEST_CASE][PASSED] - Test Cases/Purchase: Test Cases/Purchase&#xD;
&#xD;
2020-05-07 22:16:57 - [TEST_STEP][PASSED] - Start listener action : onTestCaseStart: null&#xD;
&#xD;
2020-05-07 22:16:57 - [TEST_STEP][PASSED] - println("
..... I am inside onTestCaseStart function"): null&#xD;
&#xD;
2020-05-07 22:16:57 - [TEST_STEP][PASSED] - entidad.OpcionComun.objetoPresente(findTestObject("Object Repository/Present Objects/4_OrderProducts")): entidad.OpcionComun.objetoPresente is PASSED&#xD;
&#xD;
2020-05-07 22:16:57 - [MESSAGE][PASSED] - Object 'Object Repository/Present Objects/4_OrderProducts' is present&#xD;
&#xD;
2020-05-07 22:16:57 - [MESSAGE][INFO] - La p치gina a la que se ha accedido es correcta&#xD;
&#xD;
2020-05-07 22:16:57 - [MESSAGE][PASSED] - entidad.OpcionComun.objetoPresente is PASSED&#xD;
&#xD;
2020-05-07 22:16:57 - [TEST_STEP][PASSED] - takeScreenshot("C:\Users\admin\Downloads\KatalonProjectScreenshots\5_OrderDetailPage.png"): Taking screenshot successfully&#xD;
&#xD;
2020-05-07 22:16:58 - [MESSAGE][PASSED] - Taking screenshot successfully&#xD;
[[ATTACHMENT|C:\\Users\\admin\\Downloads\\KatalonProjectScreenshots\\5_OrderDetailPage.png]]&#xD;
&#xD;
2020-05-07 22:16:58 - [TEST_STEP][PASSED] - entidad.OpcionComun.darClick(findTestObject("Object Repository/Cart Page/BtnEditCart")): entidad.OpcionComun.darClick is PASSED&#xD;
&#xD;
2020-05-07 22:16:58 - [MESSAGE][PASSED] - Object 'Object Repository/Cart Page/BtnEditCart' is present&#xD;
&#xD;
2020-05-07 22:16:58 - [MESSAGE][PASSED] - Object: 'Object Repository/Cart Page/BtnEditCart' is clicked on&#xD;
&#xD;
2020-05-07 22:16:58 - [MESSAGE][PASSED] - entidad.OpcionComun.darClick is PASSED&#xD;
&#xD;
2020-05-07 22:16:58 - [TEST_STEP][PASSED] - entidad.OpcionComun.objetoPresente(findTestObject("Object Repository/Present Objects/5_TextoOrderDetails")): entidad.OpcionComun.objetoPresente is PASSED&#xD;
&#xD;
2020-05-07 22:16:58 - [MESSAGE][PASSED] - Object 'Object Repository/Present Objects/5_TextoOrderDetails' is present&#xD;
&#xD;
2020-05-07 22:16:58 - [MESSAGE][INFO] - La p치gina a la que se ha accedido es correcta&#xD;
&#xD;
2020-05-07 22:16:58 - [MESSAGE][PASSED] - entidad.OpcionComun.objetoPresente is PASSED&#xD;
&#xD;
2020-05-07 22:16:58 - [TEST_STEP][PASSED] - entidad.OpcionComun.darClick(findTestObject("Object Repository/Cart Page/BtnNext")): entidad.OpcionComun.darClick is PASSED&#xD;
&#xD;
2020-05-07 22:16:58 - [MESSAGE][PASSED] - Object 'Object Repository/Cart Page/BtnNext' is present&#xD;
&#xD;
2020-05-07 22:16:58 - [MESSAGE][PASSED] - Object: 'Object Repository/Cart Page/BtnNext' is clicked on&#xD;
&#xD;
2020-05-07 22:16:58 - [MESSAGE][PASSED] - entidad.OpcionComun.darClick is PASSED&#xD;
&#xD;
2020-05-07 22:16:58 - [TEST_STEP][PASSED] - entidad.OpcionComun.objetoPresente(findTestObject("Object Repository/Present Objects/6_TextoDatosPersonales")): entidad.OpcionComun.objetoPresente is PASSED&#xD;
&#xD;
2020-05-07 22:16:58 - [MESSAGE][PASSED] - Object 'Object Repository/Present Objects/6_TextoDatosPersonales' is present&#xD;
&#xD;
2020-05-07 22:16:58 - [MESSAGE][INFO] - La p치gina a la que se ha accedido es correcta&#xD;
&#xD;
2020-05-07 22:16:58 - [MESSAGE][PASSED] - entidad.OpcionComun.objetoPresente is PASSED&#xD;
&#xD;
2020-05-07 22:16:58 - [TEST_STEP][PASSED] - entidad.OpcionComun.escribirTexto(findTestObject("Object Repository/Personal Info Page/FirstName1"), findTestData("Test Data").getValue(6, 1)): entidad.OpcionComun.escribirTexto is PASSED&#xD;
&#xD;
2020-05-07 22:16:58 - [MESSAGE][PASSED] - Object 'Object Repository/Personal Info Page/FirstName1' is present&#xD;
&#xD;
2020-05-07 22:16:58 - [MESSAGE][PASSED] - Text 'Luis' is set on object 'Object Repository/Personal Info Page/FirstName1'&#xD;
&#xD;
2020-05-07 22:16:58 - [MESSAGE][PASSED] - entidad.OpcionComun.escribirTexto is PASSED&#xD;
&#xD;
2020-05-07 22:16:58 - [TEST_STEP][PASSED] - entidad.OpcionComun.escribirTexto(findTestObject("Object Repository/Personal Info Page/LastName1"), findTestData("Test Data").getValue(6, 2)): entidad.OpcionComun.escribirTexto is PASSED&#xD;
&#xD;
2020-05-07 22:16:58 - [MESSAGE][PASSED] - Object 'Object Repository/Personal Info Page/LastName1' is present&#xD;
&#xD;
2020-05-07 22:16:59 - [MESSAGE][PASSED] - Text 'S치nchez' is set on object 'Object Repository/Personal Info Page/LastName1'&#xD;
&#xD;
2020-05-07 22:16:59 - [MESSAGE][PASSED] - entidad.OpcionComun.escribirTexto is PASSED&#xD;
&#xD;
2020-05-07 22:16:59 - [TEST_STEP][PASSED] - entidad.OpcionComun.escribirTexto(findTestObject("Object Repository/Personal Info Page/CompanyName1"), findTestData("Test Data").getValue(6, 3)): entidad.OpcionComun.escribirTexto is PASSED&#xD;
&#xD;
2020-05-07 22:16:59 - [MESSAGE][PASSED] - Object 'Object Repository/Personal Info Page/CompanyName1' is present&#xD;
&#xD;
2020-05-07 22:16:59 - [MESSAGE][PASSED] - Text 'Grupo Babel' is set on object 'Object Repository/Personal Info Page/CompanyName1'&#xD;
&#xD;
2020-05-07 22:16:59 - [MESSAGE][PASSED] - entidad.OpcionComun.escribirTexto is PASSED&#xD;
&#xD;
2020-05-07 22:16:59 - [TEST_STEP][PASSED] - entidad.OpcionComun.escribirTexto(findTestObject("Object Repository/Personal Info Page/StreetAddress1"), findTestData("Test Data").getValue(6, 4)): entidad.OpcionComun.escribirTexto is PASSED&#xD;
&#xD;
2020-05-07 22:16:59 - [MESSAGE][PASSED] - Object 'Object Repository/Personal Info Page/StreetAddress1' is present&#xD;
&#xD;
2020-05-07 22:16:59 - [MESSAGE][PASSED] - Text 'Heredia' is set on object 'Object Repository/Personal Info Page/StreetAddress1'&#xD;
&#xD;
2020-05-07 22:16:59 - [MESSAGE][PASSED] - entidad.OpcionComun.escribirTexto is PASSED&#xD;
&#xD;
2020-05-07 22:16:59 - [TEST_STEP][PASSED] - entidad.OpcionComun.escribirTexto(findTestObject("Object Repository/Personal Info Page/ZipCode1"), findTestData("Test Data").getValue(6, 5)): entidad.OpcionComun.escribirTexto is PASSED&#xD;
&#xD;
2020-05-07 22:16:59 - [MESSAGE][PASSED] - Object 'Object Repository/Personal Info Page/ZipCode1' is present&#xD;
&#xD;
2020-05-07 22:16:59 - [MESSAGE][PASSED] - Text '40101' is set on object 'Object Repository/Personal Info Page/ZipCode1'&#xD;
&#xD;
2020-05-07 22:16:59 - [MESSAGE][PASSED] - entidad.OpcionComun.escribirTexto is PASSED&#xD;
&#xD;
2020-05-07 22:16:59 - [TEST_STEP][PASSED] - entidad.OpcionComun.escribirTexto(findTestObject("Object Repository/Personal Info Page/AreaCode"), findTestData("Test Data").getValue(6, 6)): entidad.OpcionComun.escribirTexto is PASSED&#xD;
&#xD;
2020-05-07 22:16:59 - [MESSAGE][PASSED] - Object 'Object Repository/Personal Info Page/AreaCode' is present&#xD;
&#xD;
2020-05-07 22:16:59 - [MESSAGE][PASSED] - Text '40101' is set on object 'Object Repository/Personal Info Page/AreaCode'&#xD;
&#xD;
2020-05-07 22:16:59 - [MESSAGE][PASSED] - entidad.OpcionComun.escribirTexto is PASSED&#xD;
&#xD;
2020-05-07 22:16:59 - [TEST_STEP][PASSED] - entidad.OpcionComun.escribirTexto(findTestObject("Object Repository/Personal Info Page/PrimaryPhone"), findTestData("Test Data").getValue(6, 7)): entidad.OpcionComun.escribirTexto is PASSED&#xD;
&#xD;
2020-05-07 22:16:59 - [MESSAGE][PASSED] - Object 'Object Repository/Personal Info Page/PrimaryPhone' is present&#xD;
&#xD;
2020-05-07 22:16:59 - [MESSAGE][PASSED] - Text '85727521' is set on object 'Object Repository/Personal Info Page/PrimaryPhone'&#xD;
&#xD;
2020-05-07 22:16:59 - [MESSAGE][PASSED] - entidad.OpcionComun.escribirTexto is PASSED&#xD;
&#xD;
2020-05-07 22:16:59 - [TEST_STEP][PASSED] - entidad.OpcionComun.escribirTexto(findTestObject("Object Repository/Personal Info Page/FirstName2"), findTestData("Test Data").getValue(7, 1)): entidad.OpcionComun.escribirTexto is PASSED&#xD;
&#xD;
2020-05-07 22:16:59 - [MESSAGE][PASSED] - Object 'Object Repository/Personal Info Page/FirstName2' is present&#xD;
&#xD;
2020-05-07 22:16:59 - [MESSAGE][PASSED] - Text 'Mariana' is set on object 'Object Repository/Personal Info Page/FirstName2'&#xD;
&#xD;
2020-05-07 22:16:59 - [MESSAGE][PASSED] - entidad.OpcionComun.escribirTexto is PASSED&#xD;
&#xD;
2020-05-07 22:16:59 - [TEST_STEP][PASSED] - entidad.OpcionComun.escribirTexto(findTestObject("Object Repository/Personal Info Page/LastName2"), findTestData("Test Data").getValue(7, 2)): entidad.OpcionComun.escribirTexto is PASSED&#xD;
&#xD;
2020-05-07 22:16:59 - [MESSAGE][PASSED] - Object 'Object Repository/Personal Info Page/LastName2' is present&#xD;
&#xD;
2020-05-07 22:16:59 - [MESSAGE][PASSED] - Text 'Rodr칤guez' is set on object 'Object Repository/Personal Info Page/LastName2'&#xD;
&#xD;
2020-05-07 22:16:59 - [MESSAGE][PASSED] - entidad.OpcionComun.escribirTexto is PASSED&#xD;
&#xD;
2020-05-07 22:16:59 - [TEST_STEP][PASSED] - entidad.OpcionComun.escribirTexto(findTestObject("Object Repository/Personal Info Page/CompanyName2"), findTestData("Test Data").getValue(7, 3)): entidad.OpcionComun.escribirTexto is PASSED&#xD;
&#xD;
2020-05-07 22:17:00 - [MESSAGE][PASSED] - Object 'Object Repository/Personal Info Page/CompanyName2' is present&#xD;
&#xD;
2020-05-07 22:17:00 - [MESSAGE][PASSED] - Text 'IBM' is set on object 'Object Repository/Personal Info Page/CompanyName2'&#xD;
&#xD;
2020-05-07 22:17:00 - [MESSAGE][PASSED] - entidad.OpcionComun.escribirTexto is PASSED&#xD;
&#xD;
2020-05-07 22:17:00 - [TEST_STEP][PASSED] - entidad.OpcionComun.escribirTexto(findTestObject("Object Repository/Personal Info Page/StreetAddress2"), findTestData("Test Data").getValue(7, 4)): entidad.OpcionComun.escribirTexto is PASSED&#xD;
&#xD;
2020-05-07 22:17:00 - [MESSAGE][PASSED] - Object 'Object Repository/Personal Info Page/StreetAddress2' is present&#xD;
&#xD;
2020-05-07 22:17:00 - [MESSAGE][PASSED] - Text 'San Jos칠' is set on object 'Object Repository/Personal Info Page/StreetAddress2'&#xD;
&#xD;
2020-05-07 22:17:00 - [MESSAGE][PASSED] - entidad.OpcionComun.escribirTexto is PASSED&#xD;
&#xD;
2020-05-07 22:17:00 - [TEST_STEP][PASSED] - entidad.OpcionComun.escribirTexto(findTestObject("Object Repository/Personal Info Page/ZipCode2"), findTestData("Test Data").getValue(7, 5)): entidad.OpcionComun.escribirTexto is PASSED&#xD;
&#xD;
2020-05-07 22:17:00 - [MESSAGE][PASSED] - Object 'Object Repository/Personal Info Page/ZipCode2' is present&#xD;
&#xD;
2020-05-07 22:17:00 - [MESSAGE][PASSED] - Text '10101' is set on object 'Object Repository/Personal Info Page/ZipCode2'&#xD;
&#xD;
2020-05-07 22:17:00 - [MESSAGE][PASSED] - entidad.OpcionComun.escribirTexto is PASSED&#xD;
&#xD;
2020-05-07 22:17:00 - [TEST_STEP][PASSED] - entidad.OpcionComun.escribirTexto(findTestObject("Object Repository/Personal Info Page/EmailAddress"), findTestData("Test Data").getValue(7, 6)): entidad.OpcionComun.escribirTexto is PASSED&#xD;
&#xD;
2020-05-07 22:17:00 - [MESSAGE][PASSED] - Object 'Object Repository/Personal Info Page/EmailAddress' is present&#xD;
&#xD;
2020-05-07 22:17:00 - [MESSAGE][PASSED] - Text 'luisca.1606@hotmail.com' is set on object 'Object Repository/Personal Info Page/EmailAddress'&#xD;
&#xD;
2020-05-07 22:17:00 - [MESSAGE][PASSED] - entidad.OpcionComun.escribirTexto is PASSED&#xD;
&#xD;
2020-05-07 22:17:00 - [TEST_STEP][PASSED] - entidad.OpcionComun.darClick(findTestObject("Object Repository/Personal Info Page/BtnNextAfterAddresses")): entidad.OpcionComun.darClick is PASSED&#xD;
&#xD;
2020-05-07 22:17:00 - [MESSAGE][PASSED] - Object 'Object Repository/Personal Info Page/BtnNextAfterAddresses' is present&#xD;
&#xD;
2020-05-07 22:17:00 - [MESSAGE][PASSED] - Object: 'Object Repository/Personal Info Page/BtnNextAfterAddresses' is clicked on&#xD;
&#xD;
2020-05-07 22:17:00 - [MESSAGE][PASSED] - entidad.OpcionComun.darClick is PASSED&#xD;
&#xD;
2020-05-07 22:17:00 - [TEST_STEP][PASSED] - entidad.OpcionComun.objetoPresente(findTestObject("Object Repository/Present Objects/7_TextoDatosPago")): entidad.OpcionComun.objetoPresente is PASSED&#xD;
&#xD;
2020-05-07 22:17:00 - [MESSAGE][PASSED] - Object 'Object Repository/Present Objects/7_TextoDatosPago' is present&#xD;
&#xD;
2020-05-07 22:17:00 - [MESSAGE][INFO] - La p치gina a la que se ha accedido es correcta&#xD;
&#xD;
2020-05-07 22:17:00 - [MESSAGE][PASSED] - entidad.OpcionComun.objetoPresente is PASSED&#xD;
&#xD;
2020-05-07 22:17:00 - [TEST_STEP][PASSED] - entidad.OpcionComun.darClick(findTestObject("Object Repository/Payment Info Page/CardType")): entidad.OpcionComun.darClick is PASSED&#xD;
&#xD;
2020-05-07 22:17:00 - [MESSAGE][PASSED] - Object 'Object Repository/Payment Info Page/CardType' is present&#xD;
&#xD;
2020-05-07 22:17:00 - [MESSAGE][PASSED] - Object: 'Object Repository/Payment Info Page/CardType' is clicked on&#xD;
&#xD;
2020-05-07 22:17:00 - [MESSAGE][PASSED] - entidad.OpcionComun.darClick is PASSED&#xD;
&#xD;
2020-05-07 22:17:00 - [TEST_STEP][PASSED] - selectOptionByLabel(findTestObject("Object Repository/Payment Info Page/CardType"), findTestData("Test Data").getValue(8, 1), false): All options with label 'Visa' are selected in object 'Object Repository/Payment Info Page/CardType' &#xD;
&#xD;
2020-05-07 22:17:00 - [MESSAGE][PASSED] - All options with label 'Visa' are selected in object 'Object Repository/Payment Info Page/CardType' &#xD;
&#xD;
2020-05-07 22:17:00 - [TEST_STEP][PASSED] - entidad.OpcionComun.escribirTexto(findTestObject("Object Repository/Payment Info Page/SecurityCode"), findTestData("Test Data").getValue(8, 2)): entidad.OpcionComun.escribirTexto is PASSED&#xD;
&#xD;
2020-05-07 22:17:00 - [MESSAGE][PASSED] - Object 'Object Repository/Payment Info Page/SecurityCode' is present&#xD;
&#xD;
2020-05-07 22:17:00 - [MESSAGE][PASSED] - Text '983' is set on object 'Object Repository/Payment Info Page/SecurityCode'&#xD;
&#xD;
2020-05-07 22:17:00 - [MESSAGE][PASSED] - entidad.OpcionComun.escribirTexto is PASSED&#xD;
&#xD;
2020-05-07 22:17:00 - [TEST_STEP][PASSED] - entidad.OpcionComun.escribirTexto(findTestObject("Object Repository/Payment Info Page/CardNumber"), findTestData("Test Data").getValue(8, 3)): entidad.OpcionComun.escribirTexto is PASSED&#xD;
&#xD;
2020-05-07 22:17:00 - [MESSAGE][PASSED] - Object 'Object Repository/Payment Info Page/CardNumber' is present&#xD;
&#xD;
2020-05-07 22:17:00 - [MESSAGE][PASSED] - Text '4570' is set on object 'Object Repository/Payment Info Page/CardNumber'&#xD;
&#xD;
2020-05-07 22:17:00 - [MESSAGE][PASSED] - entidad.OpcionComun.escribirTexto is PASSED&#xD;
&#xD;
2020-05-07 22:17:00 - [TEST_STEP][PASSED] - entidad.OpcionComun.darClick(findTestObject("Object Repository/Payment Info Page/ExpirationMonth")): entidad.OpcionComun.darClick is PASSED&#xD;
&#xD;
2020-05-07 22:17:00 - [MESSAGE][PASSED] - Object 'Object Repository/Payment Info Page/ExpirationMonth' is present&#xD;
&#xD;
2020-05-07 22:17:01 - [MESSAGE][PASSED] - Object: 'Object Repository/Payment Info Page/ExpirationMonth' is clicked on&#xD;
&#xD;
2020-05-07 22:17:01 - [MESSAGE][PASSED] - entidad.OpcionComun.darClick is PASSED&#xD;
&#xD;
2020-05-07 22:17:01 - [TEST_STEP][PASSED] - selectOptionByLabel(findTestObject("Object Repository/Payment Info Page/ExpirationMonth"), findTestData("Test Data").getValue(8, 4), false): All options with label 'June' are selected in object 'Object Repository/Payment Info Page/ExpirationMonth' &#xD;
&#xD;
2020-05-07 22:17:01 - [MESSAGE][PASSED] - All options with label 'June' are selected in object 'Object Repository/Payment Info Page/ExpirationMonth' &#xD;
&#xD;
2020-05-07 22:17:01 - [TEST_STEP][PASSED] - entidad.OpcionComun.darClick(findTestObject("Object Repository/Payment Info Page/ExpirationYear")): entidad.OpcionComun.darClick is PASSED&#xD;
&#xD;
2020-05-07 22:17:01 - [MESSAGE][PASSED] - Object 'Object Repository/Payment Info Page/ExpirationYear' is present&#xD;
&#xD;
2020-05-07 22:17:01 - [MESSAGE][PASSED] - Object: 'Object Repository/Payment Info Page/ExpirationYear' is clicked on&#xD;
&#xD;
2020-05-07 22:17:01 - [MESSAGE][PASSED] - entidad.OpcionComun.darClick is PASSED&#xD;
&#xD;
2020-05-07 22:17:01 - [TEST_STEP][PASSED] - selectOptionByLabel(findTestObject("Object Repository/Payment Info Page/ExpirationYear"), findTestData("Test Data").getValue(8, 5), false): All options with label '2014' are selected in object 'Object Repository/Payment Info Page/ExpirationYear' &#xD;
&#xD;
2020-05-07 22:17:01 - [MESSAGE][PASSED] - All options with label '2014' are selected in object 'Object Repository/Payment Info Page/ExpirationYear' &#xD;
&#xD;
2020-05-07 22:17:01 - [TEST_STEP][PASSED] - entidad.OpcionComun.darClick(findTestObject("Object Repository/Payment Info Page/BtnSubmitAfterPayment")): entidad.OpcionComun.darClick is PASSED&#xD;
&#xD;
2020-05-07 22:17:01 - [MESSAGE][PASSED] - Object 'Object Repository/Payment Info Page/BtnSubmitAfterPayment' is present&#xD;
&#xD;
2020-05-07 22:17:01 - [MESSAGE][PASSED] - Object: 'Object Repository/Payment Info Page/BtnSubmitAfterPayment' is clicked on&#xD;
&#xD;
2020-05-07 22:17:01 - [MESSAGE][PASSED] - entidad.OpcionComun.darClick is PASSED&#xD;
&#xD;
2020-05-07 22:17:01 - [TEST_STEP][PASSED] - entidad.OpcionComun.objetoPresente(findTestObject("Object Repository/Present Objects/8_TextoOrdenExitosa")): entidad.OpcionComun.objetoPresente is PASSED&#xD;
&#xD;
2020-05-07 22:17:01 - [MESSAGE][PASSED] - Object 'Object Repository/Present Objects/8_TextoOrdenExitosa' is present&#xD;
&#xD;
2020-05-07 22:17:01 - [MESSAGE][INFO] - La p치gina a la que se ha accedido es correcta&#xD;
&#xD;
2020-05-07 22:17:01 - [MESSAGE][PASSED] - entidad.OpcionComun.objetoPresente is PASSED&#xD;
&#xD;
2020-05-07 22:17:01 - [TEST_STEP][PASSED] - closeBrowser(): Browser is closed&#xD;
&#xD;
2020-05-07 22:17:02 - [MESSAGE][PASSED] - Browser is closed&#xD;
&#xD;
2020-05-07 22:17:02 - [TEST_STEP][PASSED] - Start listener action : sampleAfterTestCase: null&#xD;
&#xD;
2020-05-07 22:17:02 - [TEST_STEP][PASSED] - println("
..... I am inside sampleAfterTestCase function"): null&#xD;
&#xD;
2020-05-07 22:17:02 - [TEST_STEP][PASSED] - Start listener action : sampleAfterTestCase: null</system-out>
            <system-err></system-err>
        </testcase>
        <system-out>2020-05-07 22:16:38 - [TEST_SUITE][INCOMPLETE] - Test Suite Chrome: null</system-out>
        <system-err>2020-05-07 22:16:38 - [TEST_SUITE][INCOMPLETE] - Test Suite Chrome: null</system-err>
    </testsuite>
</testsuites>
